<?xml version="1.0" encoding="UTF-8"?>
<coverage generated="1598621098316" clover="3.2.0">
  <project timestamp="1598621098316" name="All files">
    <metrics statements="104" coveredstatements="85" conditionals="16" coveredconditionals="14" methods="45" coveredmethods="28" elements="165" coveredelements="127" complexity="0" loc="104" ncloc="104" packages="1" files="6" classes="6"/>
    <file name="controller.js" path="/home/jonathanmrn/Documents/metier-test/event-scheduler-jest/src/controller.js">
      <metrics statements="12" coveredstatements="12" conditionals="0" coveredconditionals="0" methods="6" coveredmethods="6"/>
      <line num="16" count="5" type="stmt"/>
      <line num="17" count="5" type="stmt"/>
      <line num="26" count="1" type="stmt"/>
      <line num="27" count="1" type="stmt"/>
      <line num="36" count="1" type="stmt"/>
      <line num="37" count="1" type="stmt"/>
      <line num="46" count="1" type="stmt"/>
      <line num="47" count="1" type="stmt"/>
      <line num="56" count="1" type="stmt"/>
      <line num="57" count="1" type="stmt"/>
      <line num="66" count="1" type="stmt"/>
      <line num="67" count="1" type="stmt"/>
    </file>
    <file name="models.js" path="/home/jonathanmrn/Documents/metier-test/event-scheduler-jest/src/models.js">
      <metrics statements="15" coveredstatements="10" conditionals="0" coveredconditionals="0" methods="11" coveredmethods="6"/>
      <line num="41" count="16" type="stmt"/>
      <line num="42" count="16" type="stmt"/>
      <line num="43" count="16" type="stmt"/>
      <line num="44" count="16" type="stmt"/>
      <line num="45" count="16" type="stmt"/>
      <line num="53" count="28" type="stmt"/>
      <line num="61" count="0" type="stmt"/>
      <line num="69" count="26" type="stmt"/>
      <line num="77" count="0" type="stmt"/>
      <line num="85" count="5" type="stmt"/>
      <line num="93" count="0" type="stmt"/>
      <line num="101" count="5" type="stmt"/>
      <line num="109" count="0" type="stmt"/>
      <line num="117" count="5" type="stmt"/>
      <line num="125" count="0" type="stmt"/>
    </file>
    <file name="repository.js" path="/home/jonathanmrn/Documents/metier-test/event-scheduler-jest/src/repository.js">
      <metrics statements="7" coveredstatements="0" conditionals="0" coveredconditionals="0" methods="6" coveredmethods="0"/>
      <line num="11" count="0" type="stmt"/>
      <line num="19" count="0" type="stmt"/>
      <line num="28" count="0" type="stmt"/>
      <line num="36" count="0" type="stmt"/>
      <line num="37" count="0" type="stmt"/>
      <line num="42" count="0" type="stmt"/>
      <line num="46" count="0" type="stmt"/>
    </file>
    <file name="serializer.js" path="/home/jonathanmrn/Documents/metier-test/event-scheduler-jest/src/serializer.js">
      <metrics statements="2" coveredstatements="1" conditionals="0" coveredconditionals="0" methods="2" coveredmethods="1"/>
      <line num="10" count="1" type="stmt"/>
      <line num="19" count="0" type="stmt"/>
    </file>
    <file name="services.js" path="/home/jonathanmrn/Documents/metier-test/event-scheduler-jest/src/services.js">
      <metrics statements="66" coveredstatements="60" conditionals="16" coveredconditionals="14" methods="19" coveredmethods="14"/>
      <line num="18" count="6" type="stmt"/>
      <line num="26" count="2" type="stmt"/>
      <line num="34" count="1" type="stmt"/>
      <line num="35" count="1" type="stmt"/>
      <line num="36" count="1" type="stmt"/>
      <line num="37" count="3" type="stmt"/>
      <line num="38" count="3" type="stmt"/>
      <line num="39" count="3" type="cond" truecount="2" falsecount="0"/>
      <line num="40" count="1" type="stmt"/>
      <line num="42" count="2" type="stmt"/>
      <line num="45" count="1" type="stmt"/>
      <line num="46" count="3" type="stmt"/>
      <line num="48" count="1" type="stmt"/>
      <line num="56" count="1" type="stmt"/>
      <line num="57" count="1" type="stmt"/>
      <line num="58" count="1" type="stmt"/>
      <line num="59" count="3" type="stmt"/>
      <line num="60" count="3" type="stmt"/>
      <line num="61" count="3" type="cond" truecount="2" falsecount="0"/>
      <line num="62" count="1" type="stmt"/>
      <line num="64" count="2" type="stmt"/>
      <line num="67" count="1" type="stmt"/>
      <line num="68" count="3" type="stmt"/>
      <line num="70" count="1" type="stmt"/>
      <line num="78" count="1" type="stmt"/>
      <line num="79" count="1" type="stmt"/>
      <line num="80" count="1" type="stmt"/>
      <line num="81" count="3" type="stmt"/>
      <line num="82" count="3" type="stmt"/>
      <line num="83" count="3" type="cond" truecount="2" falsecount="0"/>
      <line num="84" count="1" type="stmt"/>
      <line num="94" count="2" type="stmt"/>
      <line num="97" count="1" type="stmt"/>
      <line num="98" count="1" type="stmt"/>
      <line num="99" count="1" type="stmt"/>
      <line num="100" count="1" type="stmt"/>
      <line num="101" count="3" type="stmt"/>
      <line num="102" count="3" type="cond" truecount="2" falsecount="0"/>
      <line num="103" count="2" type="stmt"/>
      <line num="104" count="2" type="stmt"/>
      <line num="106" count="3" type="stmt"/>
      <line num="108" count="1" type="stmt"/>
      <line num="116" count="1" type="stmt"/>
      <line num="117" count="1" type="stmt"/>
      <line num="118" count="1" type="stmt"/>
      <line num="119" count="3" type="stmt"/>
      <line num="120" count="3" type="stmt"/>
      <line num="121" count="3" type="cond" truecount="2" falsecount="0"/>
      <line num="122" count="1" type="stmt"/>
      <line num="132" count="2" type="stmt"/>
      <line num="135" count="1" type="stmt"/>
      <line num="136" count="1" type="stmt"/>
      <line num="137" count="1" type="stmt"/>
      <line num="138" count="1" type="stmt"/>
      <line num="139" count="3" type="stmt"/>
      <line num="140" count="3" type="cond" truecount="4" falsecount="0"/>
      <line num="141" count="2" type="stmt"/>
      <line num="142" count="2" type="stmt"/>
      <line num="144" count="3" type="stmt"/>
      <line num="146" count="1" type="stmt"/>
      <line num="156" count="0" type="stmt"/>
      <line num="157" count="0" type="stmt"/>
      <line num="158" count="0" type="cond" truecount="0" falsecount="2"/>
      <line num="169" count="0" type="stmt"/>
      <line num="185" count="0" type="stmt"/>
      <line num="186" count="0" type="stmt"/>
    </file>
    <file name="sum.js" path="/home/jonathanmrn/Documents/metier-test/event-scheduler-jest/src/sum.js">
      <metrics statements="2" coveredstatements="2" conditionals="0" coveredconditionals="0" methods="1" coveredmethods="1"/>
      <line num="2" count="1" type="stmt"/>
      <line num="4" count="1" type="stmt"/>
    </file>
  </project>
</coverage>
