{"/home/jonathanmrn/Documents/metier-test/event-scheduler-jest/src/controller.js": {"path":"/home/jonathanmrn/Documents/metier-test/event-scheduler-jest/src/controller.js","statementMap":{"0":{"start":{"line":16,"column":8},"end":{"line":16,"column":41}},"1":{"start":{"line":17,"column":8},"end":{"line":17,"column":46}},"2":{"start":{"line":26,"column":21},"end":{"line":26,"column":50}},"3":{"start":{"line":27,"column":8},"end":{"line":27,"column":56}},"4":{"start":{"line":36,"column":20},"end":{"line":36,"column":53}},"5":{"start":{"line":37,"column":8},"end":{"line":37,"column":55}},"6":{"start":{"line":46,"column":20},"end":{"line":46,"column":52}},"7":{"start":{"line":47,"column":8},"end":{"line":47,"column":55}},"8":{"start":{"line":56,"column":20},"end":{"line":56,"column":55}},"9":{"start":{"line":57,"column":8},"end":{"line":57,"column":55}},"10":{"start":{"line":66,"column":20},"end":{"line":66,"column":56}},"11":{"start":{"line":67,"column":8},"end":{"line":67,"column":55}}},"fnMap":{"0":{"name":"(anonymous_0)","decl":{"start":{"line":15,"column":4},"end":{"line":15,"column":5}},"loc":{"start":{"line":15,"column":46},"end":{"line":18,"column":5}},"line":15},"1":{"name":"(anonymous_1)","decl":{"start":{"line":25,"column":4},"end":{"line":25,"column":5}},"loc":{"start":{"line":25,"column":20},"end":{"line":28,"column":5}},"line":25},"2":{"name":"(anonymous_2)","decl":{"start":{"line":35,"column":4},"end":{"line":35,"column":5}},"loc":{"start":{"line":35,"column":22},"end":{"line":38,"column":5}},"line":35},"3":{"name":"(anonymous_3)","decl":{"start":{"line":45,"column":4},"end":{"line":45,"column":5}},"loc":{"start":{"line":45,"column":21},"end":{"line":48,"column":5}},"line":45},"4":{"name":"(anonymous_4)","decl":{"start":{"line":55,"column":4},"end":{"line":55,"column":5}},"loc":{"start":{"line":55,"column":24},"end":{"line":58,"column":5}},"line":55},"5":{"name":"(anonymous_5)","decl":{"start":{"line":65,"column":4},"end":{"line":65,"column":5}},"loc":{"start":{"line":65,"column":25},"end":{"line":68,"column":5}},"line":65}},"branchMap":{},"s":{"0":5,"1":5,"2":1,"3":1,"4":1,"5":1,"6":1,"7":1,"8":1,"9":1,"10":1,"11":1},"f":{"0":5,"1":1,"2":1,"3":1,"4":1,"5":1},"b":{},"_coverageSchema":"1a1c01bbd47fc00a2c39e90264f33305004495a9","hash":"7ff680948027c749c0f3e7f92bacc478bc36cdd5"}
,"/home/jonathanmrn/Documents/metier-test/event-scheduler-jest/src/models.js": {"path":"/home/jonathanmrn/Documents/metier-test/event-scheduler-jest/src/models.js","statementMap":{"0":{"start":{"line":41,"column":8},"end":{"line":41,"column":35}},"1":{"start":{"line":42,"column":8},"end":{"line":42,"column":31}},"2":{"start":{"line":43,"column":8},"end":{"line":43,"column":27}},"3":{"start":{"line":44,"column":8},"end":{"line":44,"column":33}},"4":{"start":{"line":45,"column":8},"end":{"line":45,"column":39}},"5":{"start":{"line":53,"column":8},"end":{"line":53,"column":30}},"6":{"start":{"line":61,"column":8},"end":{"line":61,"column":35}},"7":{"start":{"line":69,"column":8},"end":{"line":69,"column":28}},"8":{"start":{"line":77,"column":8},"end":{"line":77,"column":31}},"9":{"start":{"line":85,"column":8},"end":{"line":85,"column":26}},"10":{"start":{"line":93,"column":8},"end":{"line":93,"column":27}},"11":{"start":{"line":101,"column":8},"end":{"line":101,"column":29}},"12":{"start":{"line":109,"column":8},"end":{"line":109,"column":33}},"13":{"start":{"line":117,"column":8},"end":{"line":117,"column":32}},"14":{"start":{"line":125,"column":8},"end":{"line":125,"column":39}}},"fnMap":{"0":{"name":"(anonymous_0)","decl":{"start":{"line":40,"column":4},"end":{"line":40,"column":5}},"loc":{"start":{"line":40,"column":66},"end":{"line":46,"column":5}},"line":40},"1":{"name":"(anonymous_1)","decl":{"start":{"line":52,"column":4},"end":{"line":52,"column":5}},"loc":{"start":{"line":52,"column":19},"end":{"line":54,"column":5}},"line":52},"2":{"name":"(anonymous_2)","decl":{"start":{"line":60,"column":4},"end":{"line":60,"column":5}},"loc":{"start":{"line":60,"column":28},"end":{"line":62,"column":5}},"line":60},"3":{"name":"(anonymous_3)","decl":{"start":{"line":68,"column":4},"end":{"line":68,"column":5}},"loc":{"start":{"line":68,"column":17},"end":{"line":70,"column":5}},"line":68},"4":{"name":"(anonymous_4)","decl":{"start":{"line":76,"column":4},"end":{"line":76,"column":5}},"loc":{"start":{"line":76,"column":24},"end":{"line":78,"column":5}},"line":76},"5":{"name":"(anonymous_5)","decl":{"start":{"line":84,"column":4},"end":{"line":84,"column":5}},"loc":{"start":{"line":84,"column":15},"end":{"line":86,"column":5}},"line":84},"6":{"name":"(anonymous_6)","decl":{"start":{"line":92,"column":4},"end":{"line":92,"column":5}},"loc":{"start":{"line":92,"column":20},"end":{"line":94,"column":5}},"line":92},"7":{"name":"(anonymous_7)","decl":{"start":{"line":100,"column":4},"end":{"line":100,"column":5}},"loc":{"start":{"line":100,"column":18},"end":{"line":102,"column":5}},"line":100},"8":{"name":"(anonymous_8)","decl":{"start":{"line":108,"column":4},"end":{"line":108,"column":5}},"loc":{"start":{"line":108,"column":26},"end":{"line":110,"column":5}},"line":108},"9":{"name":"(anonymous_9)","decl":{"start":{"line":116,"column":4},"end":{"line":116,"column":5}},"loc":{"start":{"line":116,"column":21},"end":{"line":118,"column":5}},"line":116},"10":{"name":"(anonymous_10)","decl":{"start":{"line":124,"column":4},"end":{"line":124,"column":5}},"loc":{"start":{"line":124,"column":32},"end":{"line":126,"column":5}},"line":124}},"branchMap":{},"s":{"0":16,"1":16,"2":16,"3":16,"4":16,"5":28,"6":0,"7":26,"8":0,"9":5,"10":0,"11":5,"12":0,"13":5,"14":0},"f":{"0":16,"1":28,"2":0,"3":26,"4":0,"5":5,"6":0,"7":5,"8":0,"9":5,"10":0},"b":{},"_coverageSchema":"1a1c01bbd47fc00a2c39e90264f33305004495a9","hash":"375a5c44becead296cd5cbe96b343d2f19ed3a5c"}
,"/home/jonathanmrn/Documents/metier-test/event-scheduler-jest/src/repository.js": {"path":"/home/jonathanmrn/Documents/metier-test/event-scheduler-jest/src/repository.js","statementMap":{"0":{"start":{"line":11,"column":8},"end":{"line":11,"column":33}},"1":{"start":{"line":19,"column":8},"end":{"line":19,"column":18}},"2":{"start":{"line":28,"column":8},"end":{"line":28,"column":21}},"3":{"start":{"line":36,"column":8},"end":{"line":36,"column":20}},"4":{"start":{"line":37,"column":8},"end":{"line":37,"column":30}},"5":{"start":{"line":42,"column":8},"end":{"line":42,"column":36}},"6":{"start":{"line":46,"column":8},"end":{"line":46,"column":33}}},"fnMap":{"0":{"name":"(anonymous_0)","decl":{"start":{"line":10,"column":4},"end":{"line":10,"column":5}},"loc":{"start":{"line":10,"column":26},"end":{"line":12,"column":5}},"line":10},"1":{"name":"(anonymous_1)","decl":{"start":{"line":18,"column":4},"end":{"line":18,"column":5}},"loc":{"start":{"line":18,"column":12},"end":{"line":20,"column":5}},"line":18},"2":{"name":"(anonymous_2)","decl":{"start":{"line":27,"column":4},"end":{"line":27,"column":5}},"loc":{"start":{"line":27,"column":14},"end":{"line":29,"column":5}},"line":27},"3":{"name":"(anonymous_3)","decl":{"start":{"line":35,"column":4},"end":{"line":35,"column":5}},"loc":{"start":{"line":35,"column":24},"end":{"line":38,"column":5}},"line":35},"4":{"name":"(anonymous_4)","decl":{"start":{"line":41,"column":4},"end":{"line":41,"column":5}},"loc":{"start":{"line":41,"column":13},"end":{"line":43,"column":5}},"line":41},"5":{"name":"(anonymous_5)","decl":{"start":{"line":45,"column":4},"end":{"line":45,"column":5}},"loc":{"start":{"line":45,"column":15},"end":{"line":47,"column":5}},"line":45}},"branchMap":{},"s":{"0":0,"1":0,"2":0,"3":0,"4":0,"5":0,"6":0},"f":{"0":0,"1":0,"2":0,"3":0,"4":0,"5":0},"b":{},"_coverageSchema":"1a1c01bbd47fc00a2c39e90264f33305004495a9","hash":"1fe01027c6647e62ecce76275dcafd6bf1752075"}
,"/home/jonathanmrn/Documents/metier-test/event-scheduler-jest/src/serializer.js": {"path":"/home/jonathanmrn/Documents/metier-test/event-scheduler-jest/src/serializer.js","statementMap":{"0":{"start":{"line":10,"column":8},"end":{"line":10,"column":37}},"1":{"start":{"line":19,"column":8},"end":{"line":19,"column":18}}},"fnMap":{"0":{"name":"(anonymous_0)","decl":{"start":{"line":9,"column":4},"end":{"line":9,"column":5}},"loc":{"start":{"line":9,"column":20},"end":{"line":11,"column":5}},"line":9},"1":{"name":"(anonymous_1)","decl":{"start":{"line":18,"column":4},"end":{"line":18,"column":5}},"loc":{"start":{"line":18,"column":22},"end":{"line":20,"column":5}},"line":18}},"branchMap":{},"s":{"0":1,"1":0},"f":{"0":1,"1":0},"b":{},"_coverageSchema":"1a1c01bbd47fc00a2c39e90264f33305004495a9","hash":"59cb4670d64d6bf873ce679e7b0ddcb7fd837790"}
,"/home/jonathanmrn/Documents/metier-test/event-scheduler-jest/src/services.js": {"path":"/home/jonathanmrn/Documents/metier-test/event-scheduler-jest/src/services.js","statementMap":{"0":{"start":{"line":18,"column":8},"end":{"line":18,"column":48}},"1":{"start":{"line":26,"column":8},"end":{"line":26,"column":46}},"2":{"start":{"line":34,"column":20},"end":{"line":34,"column":50}},"3":{"start":{"line":35,"column":25},"end":{"line":35,"column":27}},"4":{"start":{"line":36,"column":8},"end":{"line":44,"column":11}},"5":{"start":{"line":37,"column":28},"end":{"line":37,"column":50}},"6":{"start":{"line":38,"column":26},"end":{"line":38,"column":46}},"7":{"start":{"line":39,"column":12},"end":{"line":43,"column":13}},"8":{"start":{"line":40,"column":16},"end":{"line":40,"column":157}},"9":{"start":{"line":42,"column":16},"end":{"line":42,"column":41}},"10":{"start":{"line":45,"column":8},"end":{"line":47,"column":11}},"11":{"start":{"line":46,"column":12},"end":{"line":46,"column":45}},"12":{"start":{"line":48,"column":8},"end":{"line":48,"column":29}},"13":{"start":{"line":56,"column":20},"end":{"line":56,"column":50}},"14":{"start":{"line":57,"column":25},"end":{"line":57,"column":27}},"15":{"start":{"line":58,"column":8},"end":{"line":66,"column":11}},"16":{"start":{"line":59,"column":28},"end":{"line":59,"column":50}},"17":{"start":{"line":60,"column":26},"end":{"line":60,"column":46}},"18":{"start":{"line":61,"column":12},"end":{"line":65,"column":13}},"19":{"start":{"line":62,"column":16},"end":{"line":62,"column":157}},"20":{"start":{"line":64,"column":16},"end":{"line":64,"column":41}},"21":{"start":{"line":67,"column":8},"end":{"line":69,"column":11}},"22":{"start":{"line":68,"column":12},"end":{"line":68,"column":45}},"23":{"start":{"line":70,"column":8},"end":{"line":70,"column":47}},"24":{"start":{"line":78,"column":20},"end":{"line":78,"column":50}},"25":{"start":{"line":79,"column":25},"end":{"line":79,"column":27}},"26":{"start":{"line":80,"column":8},"end":{"line":96,"column":11}},"27":{"start":{"line":81,"column":28},"end":{"line":81,"column":50}},"28":{"start":{"line":82,"column":26},"end":{"line":82,"column":46}},"29":{"start":{"line":83,"column":12},"end":{"line":95,"column":13}},"30":{"start":{"line":84,"column":16},"end":{"line":92,"column":18}},"31":{"start":{"line":94,"column":16},"end":{"line":94,"column":41}},"32":{"start":{"line":97,"column":19},"end":{"line":97,"column":20}},"33":{"start":{"line":98,"column":16},"end":{"line":98,"column":17}},"34":{"start":{"line":99,"column":28},"end":{"line":99,"column":30}},"35":{"start":{"line":100,"column":8},"end":{"line":107,"column":11}},"36":{"start":{"line":101,"column":33},"end":{"line":101,"column":78}},"37":{"start":{"line":102,"column":12},"end":{"line":105,"column":13}},"38":{"start":{"line":103,"column":16},"end":{"line":103,"column":68}},"39":{"start":{"line":104,"column":16},"end":{"line":104,"column":33}},"40":{"start":{"line":106,"column":12},"end":{"line":106,"column":16}},"41":{"start":{"line":108,"column":8},"end":{"line":108,"column":36}},"42":{"start":{"line":116,"column":20},"end":{"line":116,"column":50}},"43":{"start":{"line":117,"column":25},"end":{"line":117,"column":27}},"44":{"start":{"line":118,"column":8},"end":{"line":134,"column":11}},"45":{"start":{"line":119,"column":28},"end":{"line":119,"column":50}},"46":{"start":{"line":120,"column":26},"end":{"line":120,"column":46}},"47":{"start":{"line":121,"column":12},"end":{"line":133,"column":13}},"48":{"start":{"line":122,"column":16},"end":{"line":130,"column":18}},"49":{"start":{"line":132,"column":16},"end":{"line":132,"column":41}},"50":{"start":{"line":135,"column":19},"end":{"line":135,"column":20}},"51":{"start":{"line":136,"column":16},"end":{"line":136,"column":17}},"52":{"start":{"line":137,"column":28},"end":{"line":137,"column":30}},"53":{"start":{"line":138,"column":8},"end":{"line":145,"column":11}},"54":{"start":{"line":139,"column":33},"end":{"line":139,"column":78}},"55":{"start":{"line":140,"column":12},"end":{"line":143,"column":13}},"56":{"start":{"line":141,"column":16},"end":{"line":141,"column":68}},"57":{"start":{"line":142,"column":16},"end":{"line":142,"column":33}},"58":{"start":{"line":144,"column":12},"end":{"line":144,"column":16}},"59":{"start":{"line":146,"column":8},"end":{"line":146,"column":36}},"60":{"start":{"line":156,"column":19},"end":{"line":156,"column":49}},"61":{"start":{"line":157,"column":8},"end":{"line":159,"column":11}},"62":{"start":{"line":158,"column":12},"end":{"line":158,"column":70}},"63":{"start":{"line":169,"column":8},"end":{"line":169,"column":19}},"64":{"start":{"line":185,"column":18},"end":{"line":185,"column":28}},"65":{"start":{"line":186,"column":8},"end":{"line":186,"column":46}}},"fnMap":{"0":{"name":"(anonymous_0)","decl":{"start":{"line":17,"column":4},"end":{"line":17,"column":5}},"loc":{"start":{"line":17,"column":33},"end":{"line":19,"column":5}},"line":17},"1":{"name":"(anonymous_1)","decl":{"start":{"line":25,"column":4},"end":{"line":25,"column":5}},"loc":{"start":{"line":25,"column":16},"end":{"line":27,"column":5}},"line":25},"2":{"name":"(anonymous_2)","decl":{"start":{"line":33,"column":4},"end":{"line":33,"column":5}},"loc":{"start":{"line":33,"column":20},"end":{"line":49,"column":5}},"line":33},"3":{"name":"(anonymous_3)","decl":{"start":{"line":36,"column":22},"end":{"line":36,"column":23}},"loc":{"start":{"line":36,"column":35},"end":{"line":44,"column":9}},"line":36},"4":{"name":"(anonymous_4)","decl":{"start":{"line":45,"column":24},"end":{"line":45,"column":25}},"loc":{"start":{"line":45,"column":39},"end":{"line":47,"column":9}},"line":45},"5":{"name":"(anonymous_5)","decl":{"start":{"line":55,"column":4},"end":{"line":55,"column":5}},"loc":{"start":{"line":55,"column":19},"end":{"line":71,"column":5}},"line":55},"6":{"name":"(anonymous_6)","decl":{"start":{"line":58,"column":22},"end":{"line":58,"column":23}},"loc":{"start":{"line":58,"column":35},"end":{"line":66,"column":9}},"line":58},"7":{"name":"(anonymous_7)","decl":{"start":{"line":67,"column":24},"end":{"line":67,"column":25}},"loc":{"start":{"line":67,"column":39},"end":{"line":69,"column":9}},"line":67},"8":{"name":"(anonymous_8)","decl":{"start":{"line":77,"column":4},"end":{"line":77,"column":5}},"loc":{"start":{"line":77,"column":22},"end":{"line":109,"column":5}},"line":77},"9":{"name":"(anonymous_9)","decl":{"start":{"line":80,"column":22},"end":{"line":80,"column":23}},"loc":{"start":{"line":80,"column":35},"end":{"line":96,"column":9}},"line":80},"10":{"name":"(anonymous_10)","decl":{"start":{"line":100,"column":27},"end":{"line":100,"column":28}},"loc":{"start":{"line":100,"column":38},"end":{"line":107,"column":9}},"line":100},"11":{"name":"(anonymous_11)","decl":{"start":{"line":115,"column":4},"end":{"line":115,"column":5}},"loc":{"start":{"line":115,"column":23},"end":{"line":147,"column":5}},"line":115},"12":{"name":"(anonymous_12)","decl":{"start":{"line":118,"column":22},"end":{"line":118,"column":23}},"loc":{"start":{"line":118,"column":35},"end":{"line":134,"column":9}},"line":118},"13":{"name":"(anonymous_13)","decl":{"start":{"line":138,"column":27},"end":{"line":138,"column":28}},"loc":{"start":{"line":138,"column":38},"end":{"line":145,"column":9}},"line":138},"14":{"name":"(anonymous_14)","decl":{"start":{"line":155,"column":4},"end":{"line":155,"column":5}},"loc":{"start":{"line":155,"column":21},"end":{"line":160,"column":5}},"line":155},"15":{"name":"(anonymous_15)","decl":{"start":{"line":157,"column":27},"end":{"line":157,"column":28}},"loc":{"start":{"line":157,"column":40},"end":{"line":159,"column":9}},"line":157},"16":{"name":"(anonymous_16)","decl":{"start":{"line":168,"column":4},"end":{"line":168,"column":5}},"loc":{"start":{"line":168,"column":27},"end":{"line":170,"column":5}},"line":168},"17":{"name":"(anonymous_17)","decl":{"start":{"line":177,"column":4},"end":{"line":177,"column":5}},"loc":{"start":{"line":177,"column":30},"end":{"line":178,"column":5}},"line":177},"18":{"name":"(anonymous_18)","decl":{"start":{"line":184,"column":4},"end":{"line":184,"column":5}},"loc":{"start":{"line":184,"column":23},"end":{"line":187,"column":5}},"line":184}},"branchMap":{"0":{"loc":{"start":{"line":39,"column":12},"end":{"line":43,"column":13}},"type":"if","locations":[{"start":{"line":39,"column":12},"end":{"line":43,"column":13}},{"start":{"line":39,"column":12},"end":{"line":43,"column":13}}],"line":39},"1":{"loc":{"start":{"line":61,"column":12},"end":{"line":65,"column":13}},"type":"if","locations":[{"start":{"line":61,"column":12},"end":{"line":65,"column":13}},{"start":{"line":61,"column":12},"end":{"line":65,"column":13}}],"line":61},"2":{"loc":{"start":{"line":83,"column":12},"end":{"line":95,"column":13}},"type":"if","locations":[{"start":{"line":83,"column":12},"end":{"line":95,"column":13}},{"start":{"line":83,"column":12},"end":{"line":95,"column":13}}],"line":83},"3":{"loc":{"start":{"line":102,"column":12},"end":{"line":105,"column":13}},"type":"if","locations":[{"start":{"line":102,"column":12},"end":{"line":105,"column":13}},{"start":{"line":102,"column":12},"end":{"line":105,"column":13}}],"line":102},"4":{"loc":{"start":{"line":121,"column":12},"end":{"line":133,"column":13}},"type":"if","locations":[{"start":{"line":121,"column":12},"end":{"line":133,"column":13}},{"start":{"line":121,"column":12},"end":{"line":133,"column":13}}],"line":121},"5":{"loc":{"start":{"line":140,"column":12},"end":{"line":143,"column":13}},"type":"if","locations":[{"start":{"line":140,"column":12},"end":{"line":143,"column":13}},{"start":{"line":140,"column":12},"end":{"line":143,"column":13}}],"line":140},"6":{"loc":{"start":{"line":140,"column":16},"end":{"line":140,"column":55}},"type":"binary-expr","locations":[{"start":{"line":140,"column":17},"end":{"line":140,"column":38}},{"start":{"line":140,"column":44},"end":{"line":140,"column":54}}],"line":140},"7":{"loc":{"start":{"line":158,"column":19},"end":{"line":158,"column":69}},"type":"binary-expr","locations":[{"start":{"line":158,"column":19},"end":{"line":158,"column":43}},{"start":{"line":158,"column":47},"end":{"line":158,"column":69}}],"line":158}},"s":{"0":6,"1":2,"2":1,"3":1,"4":1,"5":3,"6":3,"7":3,"8":1,"9":2,"10":1,"11":3,"12":1,"13":1,"14":1,"15":1,"16":3,"17":3,"18":3,"19":1,"20":2,"21":1,"22":3,"23":1,"24":1,"25":1,"26":1,"27":3,"28":3,"29":3,"30":1,"31":2,"32":1,"33":1,"34":1,"35":1,"36":3,"37":3,"38":2,"39":2,"40":3,"41":1,"42":1,"43":1,"44":1,"45":3,"46":3,"47":3,"48":1,"49":2,"50":1,"51":1,"52":1,"53":1,"54":3,"55":3,"56":2,"57":2,"58":3,"59":1,"60":0,"61":0,"62":0,"63":0,"64":0,"65":0},"f":{"0":6,"1":2,"2":1,"3":3,"4":3,"5":1,"6":3,"7":3,"8":1,"9":3,"10":3,"11":1,"12":3,"13":3,"14":0,"15":0,"16":0,"17":0,"18":0},"b":{"0":[1,2],"1":[1,2],"2":[1,2],"3":[2,1],"4":[1,2],"5":[2,1],"6":[3,2],"7":[0,0]},"_coverageSchema":"1a1c01bbd47fc00a2c39e90264f33305004495a9","hash":"39bfe7eafd32da3bbae19c5cbbbaff988720c282"}
,"/home/jonathanmrn/Documents/metier-test/event-scheduler-jest/src/sum.js": {"path":"/home/jonathanmrn/Documents/metier-test/event-scheduler-jest/src/sum.js","statementMap":{"0":{"start":{"line":2,"column":4},"end":{"line":2,"column":17}},"1":{"start":{"line":4,"column":0},"end":{"line":4,"column":21}}},"fnMap":{"0":{"name":"sum","decl":{"start":{"line":1,"column":9},"end":{"line":1,"column":12}},"loc":{"start":{"line":1,"column":19},"end":{"line":3,"column":1}},"line":1}},"branchMap":{},"s":{"0":1,"1":1},"f":{"0":1},"b":{},"_coverageSchema":"1a1c01bbd47fc00a2c39e90264f33305004495a9","hash":"3904b218abd42b2522d75f7d189a022dddba0a77"}
}
