TN:
SF:src/controller.js
FN:15,(anonymous_0)
FN:25,(anonymous_1)
FN:35,(anonymous_2)
FN:45,(anonymous_3)
FN:55,(anonymous_4)
FN:65,(anonymous_5)
FNF:6
FNH:6
FNDA:5,(anonymous_0)
FNDA:1,(anonymous_1)
FNDA:1,(anonymous_2)
FNDA:1,(anonymous_3)
FNDA:1,(anonymous_4)
FNDA:1,(anonymous_5)
DA:16,5
DA:17,5
DA:26,1
DA:27,1
DA:36,1
DA:37,1
DA:46,1
DA:47,1
DA:56,1
DA:57,1
DA:66,1
DA:67,1
LF:12
LH:12
BRF:0
BRH:0
end_of_record
TN:
SF:src/models.js
FN:40,(anonymous_0)
FN:52,(anonymous_1)
FN:60,(anonymous_2)
FN:68,(anonymous_3)
FN:76,(anonymous_4)
FN:84,(anonymous_5)
FN:92,(anonymous_6)
FN:100,(anonymous_7)
FN:108,(anonymous_8)
FN:116,(anonymous_9)
FN:124,(anonymous_10)
FNF:11
FNH:6
FNDA:16,(anonymous_0)
FNDA:28,(anonymous_1)
FNDA:0,(anonymous_2)
FNDA:26,(anonymous_3)
FNDA:0,(anonymous_4)
FNDA:5,(anonymous_5)
FNDA:0,(anonymous_6)
FNDA:5,(anonymous_7)
FNDA:0,(anonymous_8)
FNDA:5,(anonymous_9)
FNDA:0,(anonymous_10)
DA:41,16
DA:42,16
DA:43,16
DA:44,16
DA:45,16
DA:53,28
DA:61,0
DA:69,26
DA:77,0
DA:85,5
DA:93,0
DA:101,5
DA:109,0
DA:117,5
DA:125,0
LF:15
LH:10
BRF:0
BRH:0
end_of_record
TN:
SF:src/repository.js
FN:10,(anonymous_0)
FN:18,(anonymous_1)
FN:27,(anonymous_2)
FN:35,(anonymous_3)
FN:41,(anonymous_4)
FN:45,(anonymous_5)
FNF:6
FNH:0
FNDA:0,(anonymous_0)
FNDA:0,(anonymous_1)
FNDA:0,(anonymous_2)
FNDA:0,(anonymous_3)
FNDA:0,(anonymous_4)
FNDA:0,(anonymous_5)
DA:11,0
DA:19,0
DA:28,0
DA:36,0
DA:37,0
DA:42,0
DA:46,0
LF:7
LH:0
BRF:0
BRH:0
end_of_record
TN:
SF:src/serializer.js
FN:9,(anonymous_0)
FN:18,(anonymous_1)
FNF:2
FNH:1
FNDA:1,(anonymous_0)
FNDA:0,(anonymous_1)
DA:10,1
DA:19,0
LF:2
LH:1
BRF:0
BRH:0
end_of_record
TN:
SF:src/services.js
FN:17,(anonymous_0)
FN:25,(anonymous_1)
FN:33,(anonymous_2)
FN:36,(anonymous_3)
FN:45,(anonymous_4)
FN:55,(anonymous_5)
FN:58,(anonymous_6)
FN:67,(anonymous_7)
FN:77,(anonymous_8)
FN:80,(anonymous_9)
FN:100,(anonymous_10)
FN:115,(anonymous_11)
FN:118,(anonymous_12)
FN:138,(anonymous_13)
FN:155,(anonymous_14)
FN:157,(anonymous_15)
FN:168,(anonymous_16)
FN:177,(anonymous_17)
FN:184,(anonymous_18)
FNF:19
FNH:14
FNDA:6,(anonymous_0)
FNDA:2,(anonymous_1)
FNDA:1,(anonymous_2)
FNDA:3,(anonymous_3)
FNDA:3,(anonymous_4)
FNDA:1,(anonymous_5)
FNDA:3,(anonymous_6)
FNDA:3,(anonymous_7)
FNDA:1,(anonymous_8)
FNDA:3,(anonymous_9)
FNDA:3,(anonymous_10)
FNDA:1,(anonymous_11)
FNDA:3,(anonymous_12)
FNDA:3,(anonymous_13)
FNDA:0,(anonymous_14)
FNDA:0,(anonymous_15)
FNDA:0,(anonymous_16)
FNDA:0,(anonymous_17)
FNDA:0,(anonymous_18)
DA:18,6
DA:26,2
DA:34,1
DA:35,1
DA:36,1
DA:37,3
DA:38,3
DA:39,3
DA:40,1
DA:42,2
DA:45,1
DA:46,3
DA:48,1
DA:56,1
DA:57,1
DA:58,1
DA:59,3
DA:60,3
DA:61,3
DA:62,1
DA:64,2
DA:67,1
DA:68,3
DA:70,1
DA:78,1
DA:79,1
DA:80,1
DA:81,3
DA:82,3
DA:83,3
DA:84,1
DA:94,2
DA:97,1
DA:98,1
DA:99,1
DA:100,1
DA:101,3
DA:102,3
DA:103,2
DA:104,2
DA:106,3
DA:108,1
DA:116,1
DA:117,1
DA:118,1
DA:119,3
DA:120,3
DA:121,3
DA:122,1
DA:132,2
DA:135,1
DA:136,1
DA:137,1
DA:138,1
DA:139,3
DA:140,3
DA:141,2
DA:142,2
DA:144,3
DA:146,1
DA:156,0
DA:157,0
DA:158,0
DA:169,0
DA:185,0
DA:186,0
LF:66
LH:60
BRDA:39,0,0,1
BRDA:39,0,1,2
BRDA:61,1,0,1
BRDA:61,1,1,2
BRDA:83,2,0,1
BRDA:83,2,1,2
BRDA:102,3,0,2
BRDA:102,3,1,1
BRDA:121,4,0,1
BRDA:121,4,1,2
BRDA:140,5,0,2
BRDA:140,5,1,1
BRDA:140,6,0,3
BRDA:140,6,1,2
BRDA:158,7,0,0
BRDA:158,7,1,0
BRF:16
BRH:14
end_of_record
TN:
SF:src/sum.js
FN:1,sum
FNF:1
FNH:1
FNDA:1,sum
DA:2,1
DA:4,1
LF:2
LH:2
BRF:0
BRH:0
end_of_record
